Parsing https://www.ulaval.ca/etudes/cours/arc-6501-essai-projet-ii-projet-de-fin-detudes-en-architecture: Malformed entry for div.toggle-section: 
									Hiver 2026 –
									8 sections offertes								: linked sections under 8 top-level sections
Parsing https://www.ulaval.ca/etudes/cours/cso-2500-stage-en-orientation: Malformed entry for div.toggle-section: 
									Automne 2026 –
									2 sections offertes								: linked sections under 2 top-level sections
Parsing https://www.ulaval.ca/etudes/cours/cso-6501-stage-interactionniste-strategique-i: Malformed entry for div.toggle-section: 
									Automne 2025 –
									2 sections offertes								: linked sections under 2 top-level sections
Parsing https://www.ulaval.ca/etudes/cours/cso-6502-stage-interactionniste-strategique-ii: Malformed entry for div.toggle-section: 
									Hiver 2026 –
									3 sections offertes								: linked sections under 3 top-level sections
Parsing https://www.ulaval.ca/etudes/cours/cso-6701-stage-de-counseling-humaniste-existentiel-i: Malformed entry for div.toggle-section: 
									Automne 2025 –
									2 sections offertes								: linked sections under 2 top-level sections
Parsing https://www.ulaval.ca/etudes/cours/cso-6702-stage-de-counseling-humaniste-existentiel-ii: Malformed entry for div.toggle-section: 
									Hiver 2026 –
									2 sections offertes								: linked sections under 2 top-level sections
Parsing https://www.ulaval.ca/etudes/cours/drt-6154-stage-a-la-magistrature-iii: Malformed entry for credits: 3 à 9
Parsing https://www.ulaval.ca/etudes/cours/drt-7104-sujets-speciaux-en-droit-des-affaires-i: Malformed entry for p.controls-title: 
									Automne 2023 –
									2 sections offertes								: 1 top-level sections found
Parsing https://www.ulaval.ca/etudes/cours/esi-6504-rapport-de-stage: Malformed entry for credits: 6 à 12
Parsing https://www.ulaval.ca/etudes/cours/eti-6003-stage: Malformed entry for div.toggle-section: 
									Automne 2021 –
									3 sections offertes								: linked sections under 3 top-level sections
Parsing https://www.ulaval.ca/etudes/cours/eti-6511-stage: Malformed entry for div.toggle-section: 
									Automne 2026 –
									3 sections offertes								: linked sections under 3 top-level sections
Parsing https://www.ulaval.ca/etudes/cours/eti-6511-stage: Malformed entry for div.toggle-section: 
									Été 2026 –
									3 sections offertes								: linked sections under 3 top-level sections
Parsing https://www.ulaval.ca/etudes/cours/eti-6511-stage: Malformed entry for div.toggle-section: 
									Hiver 2026 –
									3 sections offertes								: linked sections under 3 top-level sections
Parsing https://www.ulaval.ca/etudes/cours/eti-6510-stage: Malformed entry for div.toggle-section: 
									Automne 2026 –
									3 sections offertes								: linked sections under 3 top-level sections
Parsing https://www.ulaval.ca/etudes/cours/eti-6510-stage: Malformed entry for div.toggle-section: 
									Été 2026 –
									3 sections offertes								: linked sections under 3 top-level sections
Parsing https://www.ulaval.ca/etudes/cours/eti-6510-stage: Malformed entry for div.toggle-section: 
									Hiver 2026 –
									3 sections offertes								: linked sections under 3 top-level sections
Parsing https://www.ulaval.ca/etudes/cours/eti-6512-stage: Malformed entry for div.toggle-section: 
									Automne 2026 –
									3 sections offertes								: linked sections under 3 top-level sections
Parsing https://www.ulaval.ca/etudes/cours/eti-6512-stage: Malformed entry for div.toggle-section: 
									Été 2026 –
									3 sections offertes								: linked sections under 3 top-level sections
Parsing https://www.ulaval.ca/etudes/cours/eti-6512-stage: Malformed entry for div.toggle-section: 
									Hiver 2026 –
									3 sections offertes								: linked sections under 3 top-level sections
Parsing https://www.ulaval.ca/etudes/cours/eti-6513-stage: Malformed entry for div.toggle-section: 
									Automne 2026 –
									3 sections offertes								: linked sections under 3 top-level sections
Parsing https://www.ulaval.ca/etudes/cours/eti-6513-stage: Malformed entry for div.toggle-section: 
									Été 2026 –
									3 sections offertes								: linked sections under 3 top-level sections
Parsing https://www.ulaval.ca/etudes/cours/eti-6513-stage: Malformed entry for div.toggle-section: 
									Hiver 2026 –
									3 sections offertes								: linked sections under 3 top-level sections
Parsing https://www.ulaval.ca/etudes/cours/gie-6528-stage-en-cooperation-et-action-humanitaire: Malformed entry for div.toggle-section: 
									Automne 2026 –
									2 sections offertes								: linked sections under 2 top-level sections
Parsing https://www.ulaval.ca/etudes/cours/gie-6528-stage-en-cooperation-et-action-humanitaire: Malformed entry for div.toggle-section: 
									Été 2026 –
									2 sections offertes								: linked sections under 2 top-level sections
Parsing https://www.ulaval.ca/etudes/cours/gie-6528-stage-en-cooperation-et-action-humanitaire: Malformed entry for div.toggle-section: 
									Hiver 2026 –
									2 sections offertes								: linked sections under 2 top-level sections
Parsing https://www.ulaval.ca/etudes/cours/ift-1004-algorithmique-et-programmation: Malformed entry for div.toggle-section: 
									Automne 2026 –
									2 sections offertes								: linked sections under 2 top-level sections
Parsing https://www.ulaval.ca/etudes/cours/ift-1004-algorithmique-et-programmation: Malformed entry for div.toggle-section: 
									Hiver 2026 –
									2 sections offertes								: linked sections under 2 top-level sections
Parsing https://www.ulaval.ca/etudes/cours/mdd-5101-stage-en-chirurgie-buccale-et-maxillo-faciale-i: Malformed entry for cycle: Études post-MDD
Parsing https://www.ulaval.ca/etudes/cours/mdd-5102-stage-en-chirurgie-buccale-et-maxillo-faciale-ii: Malformed entry for cycle: Études post-MDD
Parsing https://www.ulaval.ca/etudes/cours/mdd-5103-stage-en-chirurgie-buccale-et-maxillo-faciale-iii: Malformed entry for cycle: Études post-MDD
Parsing https://www.ulaval.ca/etudes/cours/mdd-5104-stage-en-chirurgie-buccale-et-maxillo-faciale-iv: Malformed entry for cycle: Études post-MDD
Parsing https://www.ulaval.ca/etudes/cours/mdd-5105-stage-en-chirurgie-buccale-et-maxillo-faciale-v: Malformed entry for cycle: Études post-MDD
Parsing https://www.ulaval.ca/etudes/cours/mdd-5106-stage-en-chirurgie-buccale-et-maxillo-faciale-vi: Malformed entry for cycle: Études post-MDD
Parsing https://www.ulaval.ca/etudes/cours/mdd-5107-stage-en-chirurgie-buccale-et-maxillo-faciale-vii: Malformed entry for cycle: Études post-MDD
Parsing https://www.ulaval.ca/etudes/cours/mdd-5108-stage-en-chirurgie-buccale-et-maxillo-faciale-viii: Malformed entry for cycle: Études post-MDD
Parsing https://www.ulaval.ca/etudes/cours/mdd-5109-stage-en-chirurgie-buccale-et-maxillo-faciale-ix: Malformed entry for cycle: Études post-MDD
Parsing https://www.ulaval.ca/etudes/cours/mdd-5110-stage-en-chirurgie-buccale-et-maxillo-faciale-x: Malformed entry for cycle: Études post-MDD
Parsing https://www.ulaval.ca/etudes/cours/mdd-5111-stage-en-chirurgie-buccale-et-maxillo-faciale-xi: Malformed entry for cycle: Études post-MDD
Parsing https://www.ulaval.ca/etudes/cours/mdd-5112-stage-en-chirurgie-buccale-et-maxillo-faciale-xii: Malformed entry for cycle: Études post-MDD
Parsing https://www.ulaval.ca/etudes/cours/mdd-5113-stage-en-anesthesiologie-pour-chirurgiens-buccaux: Malformed entry for cycle: Études post-MDD
Parsing https://www.ulaval.ca/etudes/cours/mdd-5114-soins-intensifs-pour-chirurgiens-buccaux: Malformed entry for cycle: Études post-MDD
Parsing https://www.ulaval.ca/etudes/cours/mdd-5116-stage-en-pathologie-buccale-avancee: Malformed entry for cycle: Études post-MDD
Parsing https://www.ulaval.ca/etudes/cours/mdd-5118-anatomie-descriptive-avancee-ii: Malformed entry for cycle: Études post-MDD
Parsing https://www.ulaval.ca/etudes/cours/med-1911-stage-externat: Malformed entry for credits: 6 à 12
Parsing https://www.ulaval.ca/etudes/cours/med-2924-fondements-en-sciences-biomedicales-iii: Malformed entry for div.toggle-section: 
									Automne 2026 –
									2 sections offertes								: linked sections under 2 top-level sections
Parsing https://www.ulaval.ca/etudes/cours/med-2925-fondements-en-sciences-biomedicales-iv: Malformed entry for div.toggle-section: 
									Hiver 2026 –
									2 sections offertes								: linked sections under 2 top-level sections
Parsing https://www.ulaval.ca/etudes/cours/med-3511-stage-en-chirurgie-cardiaque: Malformed entry for credits: 2 à 4
Parsing https://www.ulaval.ca/etudes/cours/med-3512-stage-en-chirurgie-cardiaque-optionnel-2: Malformed entry for credits: 2 à 4
Parsing https://www.ulaval.ca/etudes/cours/med-3513-stage-en-chirurgie-generale-optionnel: Malformed entry for credits: 2 à 4
Parsing https://www.ulaval.ca/etudes/cours/med-3514-stage-en-chirurgie-pediatrique: Malformed entry for credits: 2 à 4
Parsing https://www.ulaval.ca/etudes/cours/med-3515-stage-en-chirurgie-plastique: Malformed entry for credits: 2 à 4
Parsing https://www.ulaval.ca/etudes/cours/med-3516-stage-en-chirurgie-plastique-optionnel-2: Malformed entry for credits: 2 à 4
Parsing https://www.ulaval.ca/etudes/cours/med-3517-stage-en-chirurgie-thoracique: Malformed entry for credits: 2 à 4
Parsing https://www.ulaval.ca/etudes/cours/med-3518-stage-en-chirurgie-vasculaire: Malformed entry for credits: 2 à 4
Parsing https://www.ulaval.ca/etudes/cours/med-3519-stage-en-neurochirurgie: Malformed entry for credits: 2 à 4
Parsing https://www.ulaval.ca/etudes/cours/med-3520-stage-en-neurochirurgie-optionnel-2: Malformed entry for credits: 2 à 4
Parsing https://www.ulaval.ca/etudes/cours/med-3521-stage-en-obstetrique-gynecologie-optionnel: Malformed entry for credits: 2 à 4
Parsing https://www.ulaval.ca/etudes/cours/med-3522-stage-en-ophtalmologie: Malformed entry for credits: 2 à 4
Parsing https://www.ulaval.ca/etudes/cours/med-3523-stage-en-ophtalmologie-optionnel-2: Malformed entry for credits: 2 à 4
Parsing https://www.ulaval.ca/etudes/cours/med-3525-stage-en-otorhinolaryngologie-optionnel-2: Malformed entry for credits: 2 à 4
Parsing https://www.ulaval.ca/etudes/cours/med-3524-stage-en-otorhinolaryngologie: Malformed entry for credits: 2 à 4
Parsing https://www.ulaval.ca/etudes/cours/med-3526-stage-en-chirurgie-orthopedique: Malformed entry for credits: 2 à 4
Parsing https://www.ulaval.ca/etudes/cours/med-3527-stage-en-orthopedie-optionnel-2: Malformed entry for credits: 2 à 4
Parsing https://www.ulaval.ca/etudes/cours/med-3528-stage-en-urologie: Malformed entry for credits: 2 à 4
Parsing https://www.ulaval.ca/etudes/cours/med-3529-stage-en-urologie-optionnel-2: Malformed entry for credits: 2 à 4
Parsing https://www.ulaval.ca/etudes/cours/med-3539-stage-en-rhumatologie-pediatrique: Malformed entry for credits: 2 à 4
Parsing https://www.ulaval.ca/etudes/cours/med-3544-stage-en-neurochirurgie-pediatrique: Malformed entry for credits: 2 à 4
Parsing https://www.ulaval.ca/etudes/cours/med-3545-stage-en-chirurgie-orthopedique-pediatrique: Malformed entry for credits: 2 à 4
Parsing https://www.ulaval.ca/etudes/cours/med-3546-stage-en-physiatrie-pediatrique: Malformed entry for credits: 2 à 4
Parsing https://www.ulaval.ca/etudes/cours/med-3547-stage-en-soins-palliatifs-pediatriques: Malformed entry for credits: 2 à 4
Parsing https://www.ulaval.ca/etudes/cours/med-3548-stage-en-soins-intensifs-psychiatriques: Malformed entry for credits: 2 à 4
Parsing https://www.ulaval.ca/etudes/cours/med-3549-stage-dhospitalisation-en-medecine-de-famille: Malformed entry for credits: 2 à 4
Parsing https://www.ulaval.ca/etudes/cours/med-3550-stage-en-anesthesiologie: Malformed entry for credits: 2 à 4
Parsing https://www.ulaval.ca/etudes/cours/med-3551-stage-en-anesthesiologie-optionnel-2: Malformed entry for credits: 2 à 4
Parsing https://www.ulaval.ca/etudes/cours/med-3552-stage-en-biochimie-medicale: Malformed entry for credits: 2 à 4
Parsing https://www.ulaval.ca/etudes/cours/med-3553-stage-en-biochimie-medicale-optionnel-2: Malformed entry for credits: 2 à 4
Parsing https://www.ulaval.ca/etudes/cours/med-3554-stage-en-cardiologie: Malformed entry for credits: 2 à 4
Parsing https://www.ulaval.ca/etudes/cours/med-3555-stage-en-dermatologie: Malformed entry for credits: 2 à 4
Parsing https://www.ulaval.ca/etudes/cours/med-3556-stage-en-dermatologie-optionnel-2: Malformed entry for credits: 2 à 4
Parsing https://www.ulaval.ca/etudes/cours/med-3557-stage-en-endocrinologie: Malformed entry for credits: 2 à 4
Parsing https://www.ulaval.ca/etudes/cours/med-3558-stage-en-gastroenterologie: Malformed entry for credits: 2 à 4
Parsing https://www.ulaval.ca/etudes/cours/med-3559-stage-en-genetique-medicale: Malformed entry for credits: 2 à 4
Parsing https://www.ulaval.ca/etudes/cours/med-3560-stage-en-genetique-medicale-optionnel-2: Malformed entry for credits: 2 à 4
Parsing https://www.ulaval.ca/etudes/cours/med-3561-stage-en-hematologie: Malformed entry for credits: 2 à 4
Parsing https://www.ulaval.ca/etudes/cours/med-3562-stage-en-immunoallergologie: Malformed entry for credits: 2 à 4
Parsing https://www.ulaval.ca/etudes/cours/med-3563-stage-en-medecine-de-ladolescent: Malformed entry for credits: 2 à 4
Parsing https://www.ulaval.ca/etudes/cours/med-3564-stage-en-medecine-du-travail: Malformed entry for credits: 2 à 4
Parsing https://www.ulaval.ca/etudes/cours/med-3565-stage-de-medecine-de-famille-milieu-different-du-stage-ob: Malformed entry for credits: 2 à 4
Parsing https://www.ulaval.ca/etudes/cours/med-3566-stage-en-medecine-interne-optionnel: Malformed entry for credits: 2 à 4
Parsing https://www.ulaval.ca/etudes/cours/med-3567-stage-en-medecine-nucleaire: Malformed entry for credits: 2 à 4
Parsing https://www.ulaval.ca/etudes/cours/med-3568-stage-en-medecine-nucleaire-optionnel-2: Malformed entry for credits: 2 à 4
Parsing https://www.ulaval.ca/etudes/cours/med-3569-stage-en-medecine-sportive: Malformed entry for credits: 2 à 4
Parsing https://www.ulaval.ca/etudes/cours/med-3570-stage-en-infectiologie: Malformed entry for credits: 2 à 4
Parsing https://www.ulaval.ca/etudes/cours/med-3571-stage-en-infectiologie-optionnel-2: Malformed entry for credits: 2 à 4
Parsing https://www.ulaval.ca/etudes/cours/med-3572-stage-en-nephrologie: Malformed entry for credits: 2 à 4
Parsing https://www.ulaval.ca/etudes/cours/med-3573-stage-en-neurologie: Malformed entry for credits: 2 à 4
Parsing https://www.ulaval.ca/etudes/cours/med-3574-stage-en-neurologie-optionnel-2: Malformed entry for credits: 2 à 4
Parsing https://www.ulaval.ca/etudes/cours/med-3575-stage-en-oncologie-medicale: Malformed entry for credits: 2 à 4
Parsing https://www.ulaval.ca/etudes/cours/med-3577-stage-en-pathologie-optionnel-2: Malformed entry for credits: 2 à 4
Parsing https://www.ulaval.ca/etudes/cours/med-3578-stage-en-pediatrie-optionnel: Malformed entry for credits: 2 à 4
Parsing https://www.ulaval.ca/etudes/cours/med-3576-stage-en-pathologie: Malformed entry for credits: 2 à 4
Parsing https://www.ulaval.ca/etudes/cours/med-3579-stage-en-pediatrie-surspecialisee: Malformed entry for credits: 2 à 4
Parsing https://www.ulaval.ca/etudes/cours/med-3580-stage-en-psychiatrie-optionnel: Malformed entry for credits: 2 à 4
Parsing https://www.ulaval.ca/etudes/cours/med-3581-stage-en-psychiatrie-surspecialisee: Malformed entry for credits: 2 à 4
Parsing https://www.ulaval.ca/etudes/cours/med-3582-stage-en-physiatrie: Malformed entry for credits: 2 à 4
Parsing https://www.ulaval.ca/etudes/cours/med-3583-stage-en-physiatrie-optionnel-2: Malformed entry for credits: 2 à 4
Parsing https://www.ulaval.ca/etudes/cours/med-3584-stage-en-pneumologie: Malformed entry for credits: 2 à 4
Parsing https://www.ulaval.ca/etudes/cours/med-3585-stage-en-radiologie-diagnostique: Malformed entry for credits: 2 à 4
Parsing https://www.ulaval.ca/etudes/cours/med-3586-stage-en-radiologie-diagnostique-optionnel: Malformed entry for credits: 2 à 4
Parsing https://www.ulaval.ca/etudes/cours/med-3587-stage-en-radio-oncologie: Malformed entry for credits: 2 à 4
Parsing https://www.ulaval.ca/etudes/cours/med-3588-stage-en-radio-oncologie-optionnel-2: Malformed entry for credits: 2 à 4
Parsing https://www.ulaval.ca/etudes/cours/med-3589-stage-en-readaptation: Malformed entry for credits: 2 à 4
Parsing https://www.ulaval.ca/etudes/cours/med-3590-stage-en-recherche: Malformed entry for credits: 2 à 4
Parsing https://www.ulaval.ca/etudes/cours/med-3591-stage-en-rhumatologie: Malformed entry for credits: 2 à 4
Parsing https://www.ulaval.ca/etudes/cours/med-3592-stage-en-sante-communautaire-ou-publique: Malformed entry for credits: 2 à 4
Parsing https://www.ulaval.ca/etudes/cours/med-3593-stage-en-sante-communautaire-ou-publique-optionnel-2: Malformed entry for credits: 2 à 4
Parsing https://www.ulaval.ca/etudes/cours/med-3594-stage-en-soins-palliatifs: Malformed entry for credits: 2 à 4
Parsing https://www.ulaval.ca/etudes/cours/med-3595-stage-durgence-optionnel: Malformed entry for credits: 2 à 4
Parsing https://www.ulaval.ca/etudes/cours/med-3598-stage-en-geriatrie: Malformed entry for credits: 2 à 4
Parsing https://www.ulaval.ca/etudes/cours/med-3599-stage-en-traumatologie-medicale: Malformed entry for credits: 2 à 4
Parsing https://www.ulaval.ca/etudes/cours/med-3601-stage-en-medecine-du-travail-optionnel-3: Malformed entry for credits: 2 à 4
Parsing https://www.ulaval.ca/etudes/cours/med-3602-stage-en-medecine-sportive-optionnel-3: Malformed entry for credits: 2 à 4
Parsing https://www.ulaval.ca/etudes/cours/med-3603-stage-en-perinatalite-optionnel-3: Malformed entry for credits: 2 à 4
Parsing https://www.ulaval.ca/etudes/cours/med-3604-stage-en-physiatrie-optionnel-3: Malformed entry for credits: 2 à 4
Parsing https://www.ulaval.ca/etudes/cours/med-3605-stage-en-readaptation-optionnel-3: Malformed entry for credits: 2 à 4
Parsing https://www.ulaval.ca/etudes/cours/med-3606-stage-en-sante-communautairepublique-optionnel-3: Malformed entry for credits: 2 à 4
Parsing https://www.ulaval.ca/etudes/cours/med-3607-stage-en-soins-palliatifs-optionnel-3: Malformed entry for credits: 2 à 4
Parsing https://www.ulaval.ca/etudes/cours/med-3608-stage-en-toxicologie-toxicomanie-optionnel-3: Malformed entry for credits: 2 à 4
Parsing https://www.ulaval.ca/etudes/cours/med-3597-stage-en-soins-intensifs-medicaux: Malformed entry for credits: 2 à 4
Parsing https://www.ulaval.ca/etudes/cours/med-3609-stage-en-traumatologie-medicale-optionnel-3: Malformed entry for credits: 2 à 4
Parsing https://www.ulaval.ca/etudes/cours/med-3610-stage-en-traumatologie-chirurgicale: Malformed entry for credits: 2 à 4
Parsing https://www.ulaval.ca/etudes/cours/med-3611-stage-en-soins-intensifs-chirurgicaux: Malformed entry for credits: 2 à 4
Parsing https://www.ulaval.ca/etudes/cours/med-3612-stage-en-dermatologie-chirurgicale: Malformed entry for credits: 2 à 4
Parsing https://www.ulaval.ca/etudes/cours/med-3613-stage-en-gyneco-oncologie: Malformed entry for credits: 2 à 4
Parsing https://www.ulaval.ca/etudes/cours/med-3614-stage-de-clinique-de-grossesse-a-risques: Malformed entry for credits: 2 à 4
Parsing https://www.ulaval.ca/etudes/cours/med-3616-stage-en-urologie-gynecologique: Malformed entry for credits: 2 à 4
Parsing https://www.ulaval.ca/etudes/cours/med-3615-stage-en-urologie-pediatrique: Malformed entry for credits: 2 à 4
Parsing https://www.ulaval.ca/etudes/cours/med-3617-stage-en-dermatologie-oncologique: Malformed entry for credits: 2 à 4
Parsing https://www.ulaval.ca/etudes/cours/med-3618-stage-de-cliniques-des-maladies-lipidiques: Malformed entry for credits: 2 à 4
Parsing https://www.ulaval.ca/etudes/cours/med-3619-stage-en-medecine-obstetricale: Malformed entry for credits: 2 à 4
Parsing https://www.ulaval.ca/etudes/cours/med-3620-stage-en-cardiologie-pediatrique: Malformed entry for credits: 2 à 4
Parsing https://www.ulaval.ca/etudes/cours/med-3621-stage-en-endocrinologie-pediatrique: Malformed entry for credits: 2 à 4
Parsing https://www.ulaval.ca/etudes/cours/med-3622-stage-en-gastroenterologie-pediatrique: Malformed entry for credits: 2 à 4
Parsing https://www.ulaval.ca/etudes/cours/med-3623-stage-en-hematologie-pediatrique: Malformed entry for credits: 2 à 4
Parsing https://www.ulaval.ca/etudes/cours/med-3624-stage-en-infectiologie-pediatrique: Malformed entry for credits: 2 à 4
Parsing https://www.ulaval.ca/etudes/cours/med-3625-stage-en-neonatalogie: Malformed entry for credits: 2 à 4
Parsing https://www.ulaval.ca/etudes/cours/med-3626-stage-en-neuropediatrie: Malformed entry for credits: 2 à 4
Parsing https://www.ulaval.ca/etudes/cours/med-3627-stage-en-oncologie-pediatrique: Malformed entry for credits: 2 à 4
Parsing https://www.ulaval.ca/etudes/cours/med-3628-stage-en-pedopsychiatrie: Malformed entry for credits: 2 à 4
Parsing https://www.ulaval.ca/etudes/cours/med-3629-stage-en-pneumologie-pediatrique: Malformed entry for credits: 2 à 4
Parsing https://www.ulaval.ca/etudes/cours/med-3630-stage-en-toxicologie-toxicomanie: Malformed entry for credits: 2 à 4
Parsing https://www.ulaval.ca/etudes/cours/med-3631-stage-de-cliniques-des-maladies-du-sein: Malformed entry for credits: 2 à 4
Parsing https://www.ulaval.ca/etudes/cours/med-3632-stage-en-perinatalite: Malformed entry for credits: 2 à 4
Parsing https://www.ulaval.ca/etudes/cours/med-3633-stage-en-neuropathologie: Malformed entry for credits: 2 à 4
Parsing https://www.ulaval.ca/etudes/cours/med-3634-stage-en-gerontopsychiatrie: Malformed entry for credits: 2 à 4
Parsing https://www.ulaval.ca/etudes/cours/med-3635-stage-en-troubles-de-la-personnalite: Malformed entry for credits: 2 à 4
Parsing https://www.ulaval.ca/etudes/cours/med-3636-stage-en-psychiatrie-medicolegale: Malformed entry for credits: 2 à 4
Parsing https://www.ulaval.ca/etudes/cours/med-3637-stage-en-psychiatrie-legale: Malformed entry for credits: 2 à 4
Parsing https://www.ulaval.ca/etudes/cours/med-3638-stage-en-microbiologie-laboratoire: Malformed entry for credits: 2 à 4
Parsing https://www.ulaval.ca/etudes/cours/med-3639-stage-ifmsa-en-chirurgie: Malformed entry for credits: 3 à 4
Parsing https://www.ulaval.ca/etudes/cours/med-3640-stage-ifmsa-en-medecine: Malformed entry for credits: 3 à 4
Parsing https://www.ulaval.ca/etudes/cours/med-3641-stage-ifmsa-en-pediatrie: Malformed entry for credits: 3 à 4
Parsing https://www.ulaval.ca/etudes/cours/med-3642-stage-ifmsa-en-medecine-familiale: Malformed entry for credits: 3 à 4
Parsing https://www.ulaval.ca/etudes/cours/med-3643-stage-ifmsa-autres-disciplines: Malformed entry for credits: 3 à 4
Parsing https://www.ulaval.ca/etudes/cours/med-3644-stage-en-chirurgie-thoracique-optionnel-2: Malformed entry for credits: 2 à 4
Parsing https://www.ulaval.ca/etudes/cours/med-3645-stage-en-chirurgie-vasculaire-optionnel-2: Malformed entry for credits: 2 à 4
Parsing https://www.ulaval.ca/etudes/cours/med-3646-stage-en-traumatologie-chirurgicale-optionnel-2: Malformed entry for credits: 2 à 4
Parsing https://www.ulaval.ca/etudes/cours/med-3648-stage-en-endocrinologie-optionnel-2: Malformed entry for credits: 2 à 4
Parsing https://www.ulaval.ca/etudes/cours/med-3647-stage-en-soins-intensifs-chirurgicaux-optionnel-2: Malformed entry for credits: 2 à 4
Parsing https://www.ulaval.ca/etudes/cours/med-3649-stage-en-gastroenterologie-optionnel-2: Malformed entry for credits: 2 à 4
Parsing https://www.ulaval.ca/etudes/cours/med-3653-stage-en-hematologie-oncologie: Malformed entry for credits: 2 à 4
Parsing https://www.ulaval.ca/etudes/cours/med-3654-stage-en-nephrologie-optionnel-2: Malformed entry for credits: 2 à 4
Parsing https://www.ulaval.ca/etudes/cours/med-3655-stage-en-pneumologie-optionnel-2: Malformed entry for credits: 2 à 4
Parsing https://www.ulaval.ca/etudes/cours/med-3656-stage-en-rhumatologie-optionnel-2: Malformed entry for credits: 2 à 4
Parsing https://www.ulaval.ca/etudes/cours/med-3657-soins-intensifs-medicaux-optionnel-2: Malformed entry for credits: 2 à 4
Parsing https://www.ulaval.ca/etudes/cours/med-3658-stage-en-dermatologie-pediatrique: Malformed entry for credits: 2 à 4
Parsing https://www.ulaval.ca/etudes/cours/med-3659-stage-en-radiologie-diagnostique-surspecialisee: Malformed entry for credits: 2 à 4
Parsing https://www.ulaval.ca/etudes/cours/med-3662-stage-en-chirurgie-generale-optionnel-2: Malformed entry for credits: 2 à 4
Parsing https://www.ulaval.ca/etudes/cours/med-3663-stage-en-obstetrique-et-gynecologie-optionnel-2: Malformed entry for credits: 2 à 4
Parsing https://www.ulaval.ca/etudes/cours/med-3664-stage-en-cardiologie-optionnel-2: Malformed entry for credits: 2 à 4
Parsing https://www.ulaval.ca/etudes/cours/med-3665-stage-en-geriatrie-optionnel-2: Malformed entry for credits: 2 à 4
Parsing https://www.ulaval.ca/etudes/cours/med-3666-stage-en-immunoallergologie-optionnel-2: Malformed entry for credits: 2 à 4
Parsing https://www.ulaval.ca/etudes/cours/med-3667-stage-en-medecine-interne-optionnel-2: Malformed entry for credits: 2 à 4
Parsing https://www.ulaval.ca/etudes/cours/med-3668-stage-en-medecine-de-famille-optionnel-2: Malformed entry for credits: 2 à 4
Parsing https://www.ulaval.ca/etudes/cours/med-3670-stage-en-medecine-du-travail-optionnel-2: Malformed entry for credits: 2 à 4
Parsing https://www.ulaval.ca/etudes/cours/med-3671-stage-en-perinatalite-optionnel-2: Malformed entry for credits: 2 à 4
Parsing https://www.ulaval.ca/etudes/cours/med-3672-stage-en-readaptation-optionnel-2: Malformed entry for credits: 2 à 4
Parsing https://www.ulaval.ca/etudes/cours/med-3673-stage-en-soins-palliatifs-optionnel-2: Malformed entry for credits: 2 à 4
Parsing https://www.ulaval.ca/etudes/cours/med-3674-stage-en-toxicologie-toxicomanie-optionnel-2: Malformed entry for credits: 2 à 4
Parsing https://www.ulaval.ca/etudes/cours/med-3675-stage-en-traumatologie-medicale-optionnel-2: Malformed entry for credits: 2 à 4
Parsing https://www.ulaval.ca/etudes/cours/med-3676-stage-en-urgence-optionnel-2: Malformed entry for credits: 2 à 4
Parsing https://www.ulaval.ca/etudes/cours/med-3677-stage-en-biochmie-optionnel-3: Malformed entry for credits: 2 à 4
Parsing https://www.ulaval.ca/etudes/cours/med-3678-stage-en-cardiologie-optionnel-3: Malformed entry for credits: 2 à 4
Parsing https://www.ulaval.ca/etudes/cours/med-3679-stage-en-clinique-des-maladies-lipidiques-optionnel-2: Malformed entry for credits: 2 à 4
Parsing https://www.ulaval.ca/etudes/cours/med-3669-stage-en-medecine-sportive-optionnel-2: Malformed entry for credits: 2 à 4
Parsing https://www.ulaval.ca/etudes/cours/med-3680-stage-en-clinique-des-maladies-lipidiques-optionnel-3: Malformed entry for credits: 2 à 4
Parsing https://www.ulaval.ca/etudes/cours/med-3681-stage-en-dermatologie-optionnel-3: Malformed entry for credits: 2 à 4
Parsing https://www.ulaval.ca/etudes/cours/med-3682-stage-en-dermatologie-chirurgicale-optionnel-2: Malformed entry for credits: 2 à 4
Parsing https://www.ulaval.ca/etudes/cours/med-3683-stage-en-dermatologie-chirurgicale-optionnel-3: Malformed entry for credits: 2 à 4
Parsing https://www.ulaval.ca/etudes/cours/med-3684-stage-en-dermatologie-oncologie-optionnel-2: Malformed entry for credits: 2 à 4
Parsing https://www.ulaval.ca/etudes/cours/med-3685-stage-en-dermatologie-oncologie-optionnel-3: Malformed entry for credits: 2 à 4
Parsing https://www.ulaval.ca/etudes/cours/med-3686-stage-en-endocrinologie-optionnel-3: Malformed entry for credits: 2 à 4
Parsing https://www.ulaval.ca/etudes/cours/med-3687-stage-en-gastroenterologie-optionnel-3: Malformed entry for credits: 2 à 4
Parsing https://www.ulaval.ca/etudes/cours/med-3688-stage-en-hematologie-optionnel-2: Malformed entry for credits: 2 à 4
Parsing https://www.ulaval.ca/etudes/cours/med-3689-stage-en-hematologie-optionnel-3: Malformed entry for credits: 2 à 4
Parsing https://www.ulaval.ca/etudes/cours/med-3690-stage-en-hematologieoncologie-optionnel-2: Malformed entry for credits: 2 à 4
Parsing https://www.ulaval.ca/etudes/cours/med-3691-stage-en-hematologieoncologie-optionnel-3: Malformed entry for credits: 2 à 4
Parsing https://www.ulaval.ca/etudes/cours/med-3692-stage-en-immunoallergologie-optionnel-3: Malformed entry for credits: 2 à 4
Parsing https://www.ulaval.ca/etudes/cours/med-3693-stage-en-medecine-obstetricale-optionnel-2: Malformed entry for credits: 2 à 4
Parsing https://www.ulaval.ca/etudes/cours/med-3694-stage-en-medecine-obstetricale-optionnel-3: Malformed entry for credits: 2 à 4
Parsing https://www.ulaval.ca/etudes/cours/med-3695-stage-en-infectiologie-optionnel-3: Malformed entry for credits: 2 à 4
Parsing https://www.ulaval.ca/etudes/cours/med-3696-stage-en-nephrologie-optionnel-3: Malformed entry for credits: 2 à 4
Parsing https://www.ulaval.ca/etudes/cours/med-3697-stage-en-neurologie-optionnel-3: Malformed entry for credits: 2 à 4
Parsing https://www.ulaval.ca/etudes/cours/med-3698-stage-en-oncologie-medicale-optionnel-2: Malformed entry for credits: 2 à 4
Parsing https://www.ulaval.ca/etudes/cours/med-3699-stage-en-oncologie-medicale-optionnel-3: Malformed entry for credits: 2 à 4
Parsing https://www.ulaval.ca/etudes/cours/med-3700-stage-en-pneumologie-optionnel-3: Malformed entry for credits: 2 à 4
Parsing https://www.ulaval.ca/etudes/cours/med-3701-stage-en-rhumatologie-optionnel-3: Malformed entry for credits: 2 à 4
Parsing https://www.ulaval.ca/etudes/cours/med-3702-stage-en-soins-intensifs-medicaux-optionnel-3: Malformed entry for credits: 2 à 4
Parsing https://www.ulaval.ca/etudes/cours/med-3703-stage-en-genetique-medicale-optionnel-3: Malformed entry for credits: 2 à 4
Parsing https://www.ulaval.ca/etudes/cours/med-3704-stage-en-gerontopsychiatrie-optionnel-2: Malformed entry for credits: 2 à 4
Parsing https://www.ulaval.ca/etudes/cours/med-3705-stage-en-gerontopsychiatrie-optionnel-3: Malformed entry for credits: 2 à 4
Parsing https://www.ulaval.ca/etudes/cours/med-3706-stage-en-medecine-nucleaire-optionnel-3: Malformed entry for credits: 2 à 4
Parsing https://www.ulaval.ca/etudes/cours/med-3707-stage-en-microbiologie-laboratoire-optionnel-2: Malformed entry for credits: 2 à 4
Parsing https://www.ulaval.ca/etudes/cours/med-3708-stage-en-microbiologie-laboratoire-optionnel-3: Malformed entry for credits: 2 à 4
Parsing https://www.ulaval.ca/etudes/cours/med-3709-stage-en-neuropathologie-optionnel-2: Malformed entry for credits: 2 à 4
Parsing https://www.ulaval.ca/etudes/cours/med-3710-stage-en-neuropathologie-optionnel-3: Malformed entry for credits: 2 à 4
Parsing https://www.ulaval.ca/etudes/cours/med-3711-stage-en-pathologie-optionnel-3: Malformed entry for credits: 2 à 4
Parsing https://www.ulaval.ca/etudes/cours/med-3712-stage-en-pharmacologie: Malformed entry for credits: 2 à 4
Parsing https://www.ulaval.ca/etudes/cours/med-3713-stage-en-pharmacologie-optionnel-2: Malformed entry for credits: 2 à 4
Parsing https://www.ulaval.ca/etudes/cours/med-3714-stage-en-pharmacologie-optionnel-3: Malformed entry for credits: 2 à 4
Parsing https://www.ulaval.ca/etudes/cours/med-3715-stage-en-psychiatrie-optionnel-2: Malformed entry for credits: 2 à 4
Parsing https://www.ulaval.ca/etudes/cours/med-3716-stage-en-psychiatrie-legale-optionnel-2: Malformed entry for credits: 2 à 4
Parsing https://www.ulaval.ca/etudes/cours/med-3717-stage-en-psychiatrie-legale-optionnel-3: Malformed entry for credits: 2 à 4
Parsing https://www.ulaval.ca/etudes/cours/med-3718-stage-en-psychiatrie-medicolegale-optionnel-2: Malformed entry for credits: 2 à 4
Parsing https://www.ulaval.ca/etudes/cours/med-3719-stage-en-psychiatrie-medicolegale-optionnel-3: Malformed entry for credits: 2 à 4
Parsing https://www.ulaval.ca/etudes/cours/med-3720-stage-en-psychiatrie-surspecialisee-optionnel-2: Malformed entry for credits: 2 à 4
Parsing https://www.ulaval.ca/etudes/cours/med-3721-stage-en-psychiatrie-surspecialisee-optionnel-3: Malformed entry for credits: 2 à 4
Parsing https://www.ulaval.ca/etudes/cours/med-3722-stage-en-radiologie-diagnostique-surspecialisee-optionnel-2: Malformed entry for credits: 2 à 4
Parsing https://www.ulaval.ca/etudes/cours/med-3723-stage-en-radiologie-diagnostique-surspecialisee-optionnel-3: Malformed entry for credits: 2 à 4
Parsing https://www.ulaval.ca/etudes/cours/med-3724-stage-en-radio-oncologie-optionnel-3: Malformed entry for credits: 2 à 4
Parsing https://www.ulaval.ca/etudes/cours/med-3725-stage-en-neuro-oncologie-pediatrique: Malformed entry for credits: 2 à 4
Parsing https://www.ulaval.ca/etudes/cours/med-3726-stage-en-cardiologie-pediatrique-optionnel-2: Malformed entry for credits: 2 à 4
Parsing https://www.ulaval.ca/etudes/cours/med-3727-stage-en-cardiologie-pediatrique-optionnel-3: Malformed entry for credits: 2 à 4
Parsing https://www.ulaval.ca/etudes/cours/med-3728-stage-en-dermatologie-pediatrique-optionnel-2: Malformed entry for credits: 2 à 4
Parsing https://www.ulaval.ca/etudes/cours/med-3729-stage-en-dermatologie-pediatrique-optionnel-3: Malformed entry for credits: 2 à 4
Parsing https://www.ulaval.ca/etudes/cours/med-3730-stage-en-endocrinologie-pediatrique-optionnel-2: Malformed entry for credits: 2 à 4
Parsing https://www.ulaval.ca/etudes/cours/med-3731-stage-en-endocrinologie-pediatrique-optionnel-3: Malformed entry for credits: 2 à 4
Parsing https://www.ulaval.ca/etudes/cours/med-3732-stage-en-gastroenterologie-pediatrique-optionnel-2: Malformed entry for credits: 2 à 4
Parsing https://www.ulaval.ca/etudes/cours/med-3733-stage-en-gastroenterologie-pediatrique-optionnel-3: Malformed entry for credits: 2 à 4
Parsing https://www.ulaval.ca/etudes/cours/med-3734-stage-en-hemato-oncologie-pediatrique-optionnel-2: Malformed entry for credits: 2 à 4
Parsing https://www.ulaval.ca/etudes/cours/med-3735-stage-en-hemato-oncologie-pediatrique-optionnel-3: Malformed entry for credits: 2 à 4
Parsing https://www.ulaval.ca/etudes/cours/med-3736-stage-en-infectiologie-pediatrique-optionnel-2: Malformed entry for credits: 2 à 4
Parsing https://www.ulaval.ca/etudes/cours/med-3737-stage-en-infectiologie-pediatrique-optionnel-3: Malformed entry for credits: 2 à 4
Parsing https://www.ulaval.ca/etudes/cours/med-3738-stage-en-medecine-de-ladolescent-optionnel-2: Malformed entry for credits: 2 à 4
Parsing https://www.ulaval.ca/etudes/cours/med-3739-stage-en-medecine-de-ladolescent-optionnel-3: Malformed entry for credits: 2 à 4
Parsing https://www.ulaval.ca/etudes/cours/med-3740-stage-en-neonatalogie-optionnel-2: Malformed entry for credits: 2 à 4
Parsing https://www.ulaval.ca/etudes/cours/med-3741-stage-en-neonatalogie-optionnel-3: Malformed entry for credits: 2 à 4
Parsing https://www.ulaval.ca/etudes/cours/med-3742-stage-en-neuropediatrie-optionnel-2: Malformed entry for credits: 2 à 4
Parsing https://www.ulaval.ca/etudes/cours/med-3743-stage-en-neuropediatrie-optionnel-3: Malformed entry for credits: 2 à 4
Parsing https://www.ulaval.ca/etudes/cours/med-3744-stage-en-oncologie-pediatrique-optionnel-2: Malformed entry for credits: 2 à 4
Parsing https://www.ulaval.ca/etudes/cours/med-3745-stage-en-oncologie-pediatrique-optionnel-3: Malformed entry for credits: 2 à 4
Parsing https://www.ulaval.ca/etudes/cours/med-3746-stage-en-pediatrie-optionnel-2: Malformed entry for credits: 2 à 4
Parsing https://www.ulaval.ca/etudes/cours/med-3747-stage-en-pediatrie-surspecialisee-optionnel-2: Malformed entry for credits: 2 à 4
Parsing https://www.ulaval.ca/etudes/cours/med-3748-stage-en-pneumologie-pediatrique-optionnel-2: Malformed entry for credits: 2 à 4
Parsing https://www.ulaval.ca/etudes/cours/med-3749-stage-en-pneumologie-pediatrique-optionnel-3: Malformed entry for credits: 2 à 4
Parsing https://www.ulaval.ca/etudes/cours/med-3759-stage-de-gynecologie-chirurgicale-surspecialisee: Malformed entry for credits: 2 à 4
Parsing https://www.ulaval.ca/etudes/cours/med-3762-stage-en-chirurgie-cardiaque-optionnel-3: Malformed entry for credits: 2 à 4
Parsing https://www.ulaval.ca/etudes/cours/med-3763-stage-en-orthopedique-optionnel-3: Malformed entry for credits: 2 à 4
Parsing https://www.ulaval.ca/etudes/cours/med-3764-stage-en-chirurgie-pediatrique-optionnel-2: Malformed entry for credits: 2 à 4
Parsing https://www.ulaval.ca/etudes/cours/med-3765-stage-en-chirurgie-plastique-optionnel-3: Malformed entry for credits: 2 à 4
Parsing https://www.ulaval.ca/etudes/cours/med-3766-stage-en-chirurgie-thoracique-optionnel-3: Malformed entry for credits: 2 à 4
Parsing https://www.ulaval.ca/etudes/cours/med-3767-stage-en-chirurgie-vasculaire-optionnel-3: Malformed entry for credits: 2 à 4
Parsing https://www.ulaval.ca/etudes/cours/med-3768-clinique-de-grossesse-a-risque-optionnel-2: Malformed entry for credits: 2 à 4
Parsing https://www.ulaval.ca/etudes/cours/med-3769-clinique-de-grossesse-a-risque-optionnel-3: Malformed entry for credits: 2 à 4
Parsing https://www.ulaval.ca/etudes/cours/med-3770-stage-en-gyneco-oncologie-optionnel-2: Malformed entry for credits: 2 à 4
Parsing https://www.ulaval.ca/etudes/cours/med-3771-stage-en-gyneco-oncologie-optionnel-3: Malformed entry for credits: 2 à 4
Parsing https://www.ulaval.ca/etudes/cours/med-3772-stage-en-neurochirurgie-optionnel-3: Malformed entry for credits: 2 à 4
Parsing https://www.ulaval.ca/etudes/cours/med-3773-stage-en-ophtalmologie-optionnel-3: Malformed entry for credits: 2 à 4
Parsing https://www.ulaval.ca/etudes/cours/med-3774-stage-en-otorhinolaryngologie-optionnel-3: Malformed entry for credits: 2 à 4
Parsing https://www.ulaval.ca/etudes/cours/med-3775-stage-en-soins-intensifs-chirurgicaux-optionnel-3: Malformed entry for credits: 2 à 4
Parsing https://www.ulaval.ca/etudes/cours/med-3777-stage-en-urologie-optionnel-3: Malformed entry for credits: 2 à 4
Parsing https://www.ulaval.ca/etudes/cours/med-3778-stage-en-urologie-gynecologique-optionnel-2: Malformed entry for credits: 2 à 4
Parsing https://www.ulaval.ca/etudes/cours/med-3779-stage-en-urologie-gynecologique-optionnel-3: Malformed entry for credits: 2 à 4
Parsing https://www.ulaval.ca/etudes/cours/med-3780-stage-en-urologie-pediatrique-optionnel-2: Malformed entry for credits: 2 à 4
Parsing https://www.ulaval.ca/etudes/cours/med-3781-stage-en-urologie-pediatrique-optionnel-3: Malformed entry for credits: 2 à 4
Parsing https://www.ulaval.ca/etudes/cours/med-3782-stage-en-chirurgie-pediatrique-optionnel-3: Malformed entry for credits: 2 à 4
Parsing https://www.ulaval.ca/etudes/cours/med-3783-stage-en-recherche-optionnel-2: Malformed entry for credits: 2 à 4
Parsing https://www.ulaval.ca/etudes/cours/med-3784-stage-en-recherche-optionnel-3: Malformed entry for credits: 2 à 4
Parsing https://www.ulaval.ca/etudes/cours/med-3785-stage-en-troubles-de-la-personnalite-optionnel-2: Malformed entry for credits: 2 à 4
Parsing https://www.ulaval.ca/etudes/cours/med-3786-stage-en-troubles-de-la-personnalite-optionnel-3: Malformed entry for credits: 2 à 4
Parsing https://www.ulaval.ca/etudes/cours/med-3776-stage-en-traumatologie-chirurgicale-optionnel-3: Malformed entry for credits: 2 à 4
Parsing https://www.ulaval.ca/etudes/cours/med-3787-stage-en-pedopsychiatrie-optionnel-2: Malformed entry for credits: 2 à 4
Parsing https://www.ulaval.ca/etudes/cours/med-3788-stage-en-pedopsychiatrie-optionnel-3: Malformed entry for credits: 2 à 4
Parsing https://www.ulaval.ca/etudes/cours/med-3789-stage-de-cliniques-des-maladies-du-sein-optionnel-2: Malformed entry for credits: 2 à 4
Parsing https://www.ulaval.ca/etudes/cours/med-3790-stage-de-cliniques-des-maladies-du-sein-optionnel-3: Malformed entry for credits: 2 à 4
Parsing https://www.ulaval.ca/etudes/cours/med-3791-stage-en-urgence-psychiatrique: Malformed entry for credits: 2 à 4
Parsing https://www.ulaval.ca/etudes/cours/med-3792-stage-en-fertilite: Malformed entry for credits: 2 à 4
Parsing https://www.ulaval.ca/etudes/cours/med-3793-stage-de-clinique-de-la-douleur: Malformed entry for credits: 2 à 4
Parsing https://www.ulaval.ca/etudes/cours/med-3794-stage-de-soins-intensifs-en-pediatrie: Malformed entry for credits: 2 à 4
Parsing https://www.ulaval.ca/etudes/cours/med-3795-stage-aide-medicale-a-mourir: Malformed entry for credits: 2 à 4
Parsing https://www.ulaval.ca/etudes/cours/med-3796-stage-clinique-de-nuit-a-lexternat: Malformed entry for credits: 2 à 4
Parsing https://www.ulaval.ca/etudes/cours/med-3798-stage-de-developpement-pedagogique: Malformed entry for credits: 2 à 4
Parsing https://www.ulaval.ca/etudes/cours/med-3799-stage-dimplication-en-crise-sanitaire-i: Malformed entry for credits: 0 à 4
Parsing https://www.ulaval.ca/etudes/cours/med-3800-stage-dimplication-en-crise-sanitaire-ii: Malformed entry for credits: 0 à 4
Parsing https://www.ulaval.ca/etudes/cours/pha-1111-activites-de-remediation: Malformed entry for credits: 0 à 6
Parsing https://www.ulaval.ca/etudes/cours/pha-1112-activite-de-remediation: Malformed entry for credits: 0 à 6
Parsing https://www.ulaval.ca/etudes/cours/pha-1113-activite-de-remediation: Malformed entry for credits: 0 à 6
Parsing https://www.ulaval.ca/etudes/cours/pha-1114-activite-de-remediation: Malformed entry for credits: 0 à 6
Parsing https://www.ulaval.ca/etudes/cours/pse-3500-stage-i-en-psychoeducation: Malformed entry for div.toggle-section: 
									Automne 2026 –
									10 sections offertes								: linked sections under 10 top-level sections
Parsing https://www.ulaval.ca/etudes/cours/pse-3501-stage-ii-en-psychoeducation: Malformed entry for div.toggle-section: 
									Hiver 2026 –
									11 sections offertes								: linked sections under 11 top-level sections
Parsing https://www.ulaval.ca/etudes/cours/pse-6005-stage-i-en-psychoeducation: Malformed entry for div.toggle-section: 
									Automne 2026 –
									8 sections offertes								: linked sections under 8 top-level sections
Parsing https://www.ulaval.ca/etudes/cours/pse-6006-stage-ii-en-psychoeducation: Malformed entry for div.toggle-section: 
									Hiver 2026 –
									10 sections offertes								: linked sections under 10 top-level sections
Parsing https://www.ulaval.ca/etudes/cours/psy-7851-activite-de-recherche-these-1: Malformed entry for cycle: invalid level : 3
Parsing https://www.ulaval.ca/etudes/cours/psy-7852-activite-de-recherche-these-2: Malformed entry for cycle: invalid level : 3
Parsing https://www.ulaval.ca/etudes/cours/psy-7853-activite-de-recherche-these-3: Malformed entry for cycle: invalid level : 3
Parsing https://www.ulaval.ca/etudes/cours/psy-7854-activite-de-recherche-these-4: Malformed entry for cycle: invalid level : 3
Parsing https://www.ulaval.ca/etudes/cours/sin-6020-stages: Malformed entry for div.toggle-section: 
									Automne 2023 –
									2 sections offertes								: linked sections under 2 top-level sections
Parsing https://www.ulaval.ca/etudes/cours/sin-6074-projet-dintervention-i-definition-et-faisabilite: Malformed entry for div.toggle-section: 
									Hiver 2026 –
									2 sections offertes								: linked sections under 2 top-level sections
Parsing https://www.ulaval.ca/etudes/cours/svs-2502-stage-et-seminaire-dintegration-i: Malformed entry for div.toggle-section: 
									Automne 2025 –
									7 sections offertes								: linked sections under 7 top-level sections
